<?xml version="1.0" encoding="UTF-8"?>
<testsuite name="org.fpm.di.lab3.Lab3_Test" tests="6" skipped="0" failures="0" errors="0" timestamp="2023-12-22T16:10:51" hostname="DESKTOP-3SRLFTA" time="0.247">
  <properties/>
  <testcase name="shouldInjectSingleton()" classname="org.fpm.di.lab3.Lab3_Test" time="0.126"/>
  <testcase name="shouldNotInjectC()" classname="org.fpm.di.lab3.Lab3_Test" time="0.008"/>
  <testcase name="shouldInjectPrototype()" classname="org.fpm.di.lab3.Lab3_Test" time="0.007"/>
  <testcase name="shouldBuildInjectionGraph()" classname="org.fpm.di.lab3.Lab3_Test" time="0.009"/>
  <testcase name="shouldBuildInjectDependencies()" classname="org.fpm.di.lab3.Lab3_Test" time="0.002"/>
  <testcase name="shouldCallException()" classname="org.fpm.di.lab3.Lab3_Test" time="0.061"/>
  <system-out><![CDATA[]]></system-out>
  <system-err><![CDATA[]]></system-err>
</testsuite>
